<?xml version="1.0" encoding="UTF-8"?>
<!-- Generated by org.testng.reporters.JUnitXMLReporter -->
<testsuite ignored="0" hostname="DESKTOP-N3LRL61" failures="0" tests="4" name="Default test" time="21.297" errors="0" timestamp="2023-11-29T10:06:03 IST">
  <testcase classname="com.QA.tests.User_API.UserTest" name="create_User_Test" time="11.423"/>
  <testcase classname="com.QA.tests.User_API.UserTest" name="get_User_Test" time="2.278"/>
  <testcase classname="com.QA.tests.User_API.UserTest" name="Update_User_Test" time="2.311"/>
  <testcase classname="com.QA.tests.User_API.UserTest" name="Delete_User_Test" time="2.333"/>
</testsuite> <!-- Default test -->
