<?xml version="1.0" encoding="UTF-8"?>
<!-- Generated by org.testng.reporters.JUnitXMLReporter -->
<testsuite ignored="0" hostname="DESKTOP-N3LRL61" failures="0" tests="9" name="Store_Test" time="26.759" errors="0" timestamp="2023-11-29T14:43:01 IST">
  <testcase classname="com.QA.tests.Store_API.Store_API_Test" name="Create_Order_Test" time="9.175"/>
  <testcase classname="com.QA.tests.Store_API.Store_API_Test" name="Get_Order_Test" time="1.788"/>
  <testcase classname="com.QA.tests.Store_API.Store_API_Test" name="Delete_Order_Test" time="1.739"/>
  <testcase classname="com.QA.tests.User_API.UserTest" name="create_User_Test" time="1.937"/>
  <testcase classname="com.QA.tests.User_API.UserTest" name="get_User_Test" time="2.156"/>
  <testcase classname="com.QA.tests.User_API.UserTest" name="Update_User_Test" time="1.749"/>
  <testcase classname="com.QA.tests.User_API.UserTest" name="Delete_User_Test" time="1.808"/>
  <testcase classname="com.QA.tests.Travel_API.TravelTest" name="Create_User_Test" time="1.136"/>
  <testcase classname="com.QA.tests.Travel_API.TravelTest" name="get_User_Test" time="0.26"/>
</testsuite> <!-- Store_Test -->
