<?xml version="1.0" encoding="UTF-8"?>
<!-- Generated by org.testng.reporters.JUnitXMLReporter -->
<testsuite ignored="0" hostname="DESKTOP-N3LRL61" failures="0" tests="4" name="User_Test" time="13.848" errors="0" timestamp="2023-11-28T19:56:24 IST">
  <testcase classname="com.QA.tests.User_API.UserTest" name="create_User_Test" time="3.02"/>
  <testcase classname="com.QA.tests.User_API.UserTest" name="get_User_Test" time="3.292"/>
  <testcase classname="com.QA.tests.User_API.UserTest" name="Update_User_Test" time="3.261"/>
  <testcase classname="com.QA.tests.User_API.UserTest" name="Delete_User_Test" time="2.71"/>
</testsuite> <!-- User_Test -->
