<?xml version="1.0" encoding="UTF-8"?>
<!-- Generated by org.testng.reporters.JUnitXMLReporter -->
<testsuite ignored="0" hostname="DESKTOP-N3LRL61" failures="0" tests="9" name="Store_Test" time="23.343" errors="0" timestamp="2023-11-29T14:48:59 IST">
  <testcase classname="com.QA.tests.Store_API.Store_API_Test" name="Create_Order_Test" time="7.156"/>
  <testcase classname="com.QA.tests.Store_API.Store_API_Test" name="Get_Order_Test" time="2.0"/>
  <testcase classname="com.QA.tests.Store_API.Store_API_Test" name="Delete_Order_Test" time="2.047"/>
  <testcase classname="com.QA.tests.User_API.UserTest" name="create_User_Test" time="2.047"/>
  <testcase classname="com.QA.tests.User_API.UserTest" name="get_User_Test" time="1.953"/>
  <testcase classname="com.QA.tests.User_API.UserTest" name="Update_User_Test" time="2.032"/>
  <testcase classname="com.QA.tests.User_API.UserTest" name="Delete_User_Test" time="1.875"/>
  <testcase classname="com.QA.tests.Travel_API.TravelTest" name="Create_User_Test" time="0.859"/>
  <testcase classname="com.QA.tests.Travel_API.TravelTest" name="get_User_Test" time="0.297"/>
</testsuite> <!-- Store_Test -->
