<?xml version="1.0" encoding="UTF-8"?>
<testng-results ignored="0" total="9" passed="9" failed="0" skipped="0">
  <reporter-output>
  </reporter-output>
  <suite started-at="2023-11-29T14:48:36 IST" name="Suite" finished-at="2023-11-29T14:48:59 IST" duration-ms="23343">
    <groups>
    </groups>
    <test started-at="2023-11-29T14:48:36 IST" name="Store_Test" finished-at="2023-11-29T14:48:59 IST" duration-ms="23343">
      <class name="com.QA.tests.Travel_API.TravelTest">
        <test-method is-config="true" signature="set_Up()[pri:0, instance:com.QA.tests.Travel_API.TravelTest@1613674b]" started-at="2023-11-29T14:48:37 IST" name="set_Up" finished-at="2023-11-29T14:48:37 IST" duration-ms="235" status="PASS">
          <reporter-output>
          </reporter-output>
        </test-method> <!-- set_Up -->
        <test-method signature="Create_User_Test()[pri:1, instance:com.QA.tests.Travel_API.TravelTest@1613674b]" started-at="2023-11-29T14:48:57 IST" name="Create_User_Test" finished-at="2023-11-29T14:48:58 IST" duration-ms="859" status="PASS">
          <reporter-output>
          </reporter-output>
        </test-method> <!-- Create_User_Test -->
        <test-method signature="get_User_Test()[pri:2, instance:com.QA.tests.Travel_API.TravelTest@1613674b]" started-at="2023-11-29T14:48:58 IST" name="get_User_Test" finished-at="2023-11-29T14:48:58 IST" duration-ms="297" status="PASS">
          <reporter-output>
          </reporter-output>
        </test-method> <!-- get_User_Test -->
        <test-method is-config="true" signature="Tear_down()[pri:0, instance:com.QA.tests.Travel_API.TravelTest@1613674b]" started-at="2023-11-29T14:48:59 IST" name="Tear_down" finished-at="2023-11-29T14:48:59 IST" duration-ms="531" status="PASS">
          <reporter-output>
          </reporter-output>
        </test-method> <!-- Tear_down -->
      </class> <!-- com.QA.tests.Travel_API.TravelTest -->
      <class name="com.QA.tests.Store_API.Store_API_Test">
        <test-method is-config="true" signature="set_Up()[pri:0, instance:com.QA.tests.Store_API.Store_API_Test@41fecb8b]" started-at="2023-11-29T14:48:36 IST" name="set_Up" finished-at="2023-11-29T14:48:37 IST" duration-ms="844" status="PASS">
          <reporter-output>
          </reporter-output>
        </test-method> <!-- set_Up -->
        <test-method signature="Create_Order_Test()[pri:1, instance:com.QA.tests.Store_API.Store_API_Test@41fecb8b]" started-at="2023-11-29T14:48:38 IST" name="Create_Order_Test" finished-at="2023-11-29T14:48:45 IST" duration-ms="7156" status="PASS">
          <reporter-output>
          </reporter-output>
        </test-method> <!-- Create_Order_Test -->
        <test-method signature="Get_Order_Test()[pri:2, instance:com.QA.tests.Store_API.Store_API_Test@41fecb8b]" started-at="2023-11-29T14:48:45 IST" name="Get_Order_Test" finished-at="2023-11-29T14:48:47 IST" duration-ms="2000" status="PASS">
          <reporter-output>
          </reporter-output>
        </test-method> <!-- Get_Order_Test -->
        <test-method signature="Delete_Order_Test()[pri:3, instance:com.QA.tests.Store_API.Store_API_Test@41fecb8b]" started-at="2023-11-29T14:48:47 IST" name="Delete_Order_Test" finished-at="2023-11-29T14:48:49 IST" duration-ms="2047" status="PASS">
          <reporter-output>
          </reporter-output>
        </test-method> <!-- Delete_Order_Test -->
        <test-method is-config="true" signature="tear_Down()[pri:0, instance:com.QA.tests.Store_API.Store_API_Test@41fecb8b]" started-at="2023-11-29T14:48:58 IST" name="tear_Down" finished-at="2023-11-29T14:48:59 IST" duration-ms="531" status="PASS">
          <reporter-output>
          </reporter-output>
        </test-method> <!-- tear_Down -->
      </class> <!-- com.QA.tests.Store_API.Store_API_Test -->
      <class name="com.QA.tests.User_API.UserTest">
        <test-method is-config="true" signature="set_Up()[pri:0, instance:com.QA.tests.User_API.UserTest@b62d79]" started-at="2023-11-29T14:48:49 IST" name="set_Up" finished-at="2023-11-29T14:48:49 IST" duration-ms="62" status="PASS">
          <reporter-output>
          </reporter-output>
        </test-method> <!-- set_Up -->
        <test-method signature="create_User_Test()[pri:1, instance:com.QA.tests.User_API.UserTest@b62d79]" started-at="2023-11-29T14:48:49 IST" name="create_User_Test" finished-at="2023-11-29T14:48:51 IST" duration-ms="2047" status="PASS">
          <reporter-output>
          </reporter-output>
        </test-method> <!-- create_User_Test -->
        <test-method signature="get_User_Test()[pri:2, instance:com.QA.tests.User_API.UserTest@b62d79]" started-at="2023-11-29T14:48:51 IST" name="get_User_Test" finished-at="2023-11-29T14:48:53 IST" duration-ms="1953" status="PASS">
          <reporter-output>
          </reporter-output>
        </test-method> <!-- get_User_Test -->
        <test-method signature="Update_User_Test()[pri:3, instance:com.QA.tests.User_API.UserTest@b62d79]" started-at="2023-11-29T14:48:53 IST" name="Update_User_Test" finished-at="2023-11-29T14:48:55 IST" duration-ms="2032" status="PASS">
          <reporter-output>
          </reporter-output>
        </test-method> <!-- Update_User_Test -->
        <test-method signature="Delete_User_Test()[pri:4, instance:com.QA.tests.User_API.UserTest@b62d79]" started-at="2023-11-29T14:48:55 IST" name="Delete_User_Test" finished-at="2023-11-29T14:48:57 IST" duration-ms="1875" status="PASS">
          <reporter-output>
          </reporter-output>
        </test-method> <!-- Delete_User_Test -->
        <test-method is-config="true" signature="tear_Down()[pri:0, instance:com.QA.tests.User_API.UserTest@b62d79]" started-at="2023-11-29T14:48:57 IST" name="tear_Down" finished-at="2023-11-29T14:48:57 IST" duration-ms="531" status="PASS">
          <reporter-output>
          </reporter-output>
        </test-method> <!-- tear_Down -->
      </class> <!-- com.QA.tests.User_API.UserTest -->
    </test> <!-- Store_Test -->
  </suite> <!-- Suite -->
</testng-results>
