<?xml version="1.0" encoding="UTF-8"?>
<testsuite xmlns:xsi="http://www.w3.org/2001/XMLSchema-instance" xsi:noNamespaceSchemaLocation="https://maven.apache.org/surefire/maven-surefire-plugin/xsd/surefire-test-report-3.0.xsd" version="3.0" name="TestSuite" time="24.641" tests="9" errors="0" skipped="0" failures="0">
  <properties>
[...]
</properties>
  <testcase name="Create_Order_Test" classname="com.QA.tests.Store_API.Store_API_Test" time="7.172">
    <system-out><![CDATA[****Store PayLoad******
{
  "id" : 2,
  "petId" : 7,
  "quantity" : 3,
  "shipDate" : "2023-11-28T08:49:56.563+0000",
  "status" : "placed",
  "complete" : true
}
[DEBUG] 2023-11-29 14:48:37.757 [main] Store_API_Test - Store API Test Started...
[DEBUG] 2023-11-29 14:48:37.773 [main] TravelTest - Travel_Playload
{
  "tourist_name" : "Carolyn",
  "tourist_email" : "myron.blick@example.com",
  "tourist_location" : "Tallinn"
}
[DEBUG] 2023-11-29 14:48:37.992 [main] TravelTest - Travel_Api_Test_Started...
[INFO ] 2023-11-29 14:48:38.023 [main] Store_API_Test - Create Order Test Started..
200 OK
[INFO ] 2023-11-29 14:48:45.163 [main] Store_API_Test - Create Order Test Response to be 200..
Data ID : 2
]]></system-out>
  </testcase>
  <testcase name="Get_Order_Test" classname="com.QA.tests.Store_API.Store_API_Test" time="1.985">
    <system-out><![CDATA[[INFO ] 2023-11-29 14:48:45.195 [main] Store_API_Test - Get Order Test Started..
200 OK
[INFO ] 2023-11-29 14:48:47.179 [main] Store_API_Test - Get Order Test Response to be 200..
{
  "id" : 2,
  "petId" : 7,
  "quantity" : 3,
  "shipDate" : "2023-11-28T08:49:56.563+0000",
  "status" : "placed",
  "complete" : true
}
[INFO ] 2023-11-29 14:48:47.195 [main] Store_API_Test - Get Order Test ID Assertion passed..
[INFO ] 2023-11-29 14:48:47.195 [main] Store_API_Test - Get Order Test PetID Assertion passed..
[INFO ] 2023-11-29 14:48:47.195 [main] Store_API_Test - Get Order Test quantity Assertion passed..
[INFO ] 2023-11-29 14:48:47.195 [main] Store_API_Test - Get Order Test shipDate Assertion passed..
[INFO ] 2023-11-29 14:48:47.195 [main] Store_API_Test - Get Order Test status Assertion passed..
[INFO ] 2023-11-29 14:48:47.195 [main] Store_API_Test - Get Order Test complete Assertion passed..
]]></system-out>
  </testcase>
  <testcase name="Delete_Order_Test" classname="com.QA.tests.Store_API.Store_API_Test" time="2.047">
    <system-out><![CDATA[[INFO ] 2023-11-29 14:48:47.195 [main] Store_API_Test - Delete Order Test Started..
200 OK
[INFO ] 2023-11-29 14:48:49.242 [main] Store_API_Test - Get Order Test ID response to be 200..
{
  "code" : 200,
  "type" : "unknown",
  "message" : "2"
}
[INFO ] 2023-11-29 14:48:49.242 [main] Store_API_Test - Delete Order Test message Assertion passed..
]]></system-out>
  </testcase>
  <testcase name="create_User_Test" classname="com.QA.tests.User_API.UserTest" time="2.031">
    <system-out><![CDATA[------User_PayLoad_Sending-------
{
  "id" : 1261714285,
  "username" : "donnie.hessel",
  "firstName" : "Qiana",
  "lastName" : "Bins",
  "email" : "randall.boyer@example.com",
  "password" : "y64tyhdt75bdo",
  "phone" : "(813) 682-2402"
}
[DEBUG] 2023-11-29 14:48:49.304 [main] UserTest - User API test Started...
[INFO ] 2023-11-29 14:48:49.304 [main] UserTest - User API create User Test Started...
200 : OK
[INFO ] 2023-11-29 14:48:51.335 [main] UserTest - User API create User Test Response Code to be 200...
{
  "code" : 200,
  "type" : "unknown",
  "message" : "1261714285"
}
]]></system-out>
  </testcase>
  <testcase name="get_User_Test" classname="com.QA.tests.User_API.UserTest" time="1.984">
    <system-out><![CDATA[[INFO ] 2023-11-29 14:48:51.351 [main] UserTest - User API Get User Test Started...
200 : OK
[INFO ] 2023-11-29 14:48:53.289 [main] UserTest - User API Get User Test Response to be 200...
{
  "id" : 1261714285,
  "username" : "donnie.hessel",
  "firstName" : "Qiana",
  "lastName" : "Bins",
  "email" : "randall.boyer@example.com",
  "password" : "y64tyhdt75bdo",
  "phone" : "(813) 682-2402",
  "userStatus" : 0
}
[INFO ] 2023-11-29 14:48:53.304 [main] UserTest - User API Get User Test id Assertion passed...
[INFO ] 2023-11-29 14:48:53.304 [main] UserTest - User API Get User Test username Assertion passed...
[INFO ] 2023-11-29 14:48:53.304 [main] UserTest - User API Get User Test firstname Assertion passed...
[INFO ] 2023-11-29 14:48:53.304 [main] UserTest - User API Get User Test lastname Assertion passed...
[INFO ] 2023-11-29 14:48:53.304 [main] UserTest - User API Get User Test email Assertion passed...
[INFO ] 2023-11-29 14:48:53.304 [main] UserTest - User API Get User Test password Assertion passed...
[INFO ] 2023-11-29 14:48:53.304 [main] UserTest - User API Get User Test phone Assertion passed...
[INFO ] 2023-11-29 14:48:53.304 [main] UserTest - User API Get User Test Headers validation...
Date : Wed, 29 Nov 2023 09:18:54 GMT
Content-Type : application/json
Transfer-Encoding : chunked
Connection : close
Access-Control-Allow-Origin : *
Access-Control-Allow-Methods : GET, POST, DELETE, PUT
Access-Control-Allow-Headers : Content-Type, api_key, Authorization
Server : Jetty(9.2.9.v20150224)
[INFO ] 2023-11-29 14:48:53.304 [main] UserTest - User API Get User Test Headers Assertion passed...
]]></system-out>
  </testcase>
  <testcase name="Update_User_Test" classname="com.QA.tests.User_API.UserTest" time="2.001">
    <system-out><![CDATA[[INFO ] 2023-11-29 14:48:53.304 [main] UserTest - User API Update User Test Started...
200 : OK
{
  "code" : 200,
  "type" : "unknown",
  "message" : "1261714285"
}
]]></system-out>
  </testcase>
  <testcase name="Delete_User_Test" classname="com.QA.tests.User_API.UserTest" time="1.875">
    <system-out><![CDATA[[INFO ] 2023-11-29 14:48:55.336 [main] UserTest - User API Delete User Test Started...
200 : OK
[INFO ] 2023-11-29 14:48:57.211 [main] UserTest - User API Delete User Test Response code to be 200...
[INFO ] 2023-11-29 14:48:57.211 [main] UserTest - User API Delete User Test Endend...
]]></system-out>
  </testcase>
  <testcase name="Create_User_Test" classname="com.QA.tests.Travel_API.TravelTest" time="0.875">
    <system-out><![CDATA[[DEBUG] 2023-11-29 14:48:57.742 [main] UserTest - User API test Completed...
[INFO ] 2023-11-29 14:48:57.742 [main] TravelTest - Travel API Create User Test Started...
[INFO ] 2023-11-29 14:48:58.601 [main] TravelTest - Travel API Create User Test Response code to be 200...
285122
[INFO ] 2023-11-29 14:48:58.601 [main] TravelTest - Travel API Create User Test Tourist name Assertion passed...
[INFO ] 2023-11-29 14:48:58.601 [main] TravelTest - Travel API Create User Test Tourist email Assertion passed...
[INFO ] 2023-11-29 14:48:58.601 [main] TravelTest - Travel API Create User Test Tourist location Assertion passed...
]]></system-out>
  </testcase>
  <testcase name="get_User_Test" classname="com.QA.tests.Travel_API.TravelTest" time="0.296">
    <system-out><![CDATA[[INFO ] 2023-11-29 14:48:58.601 [main] TravelTest - Travel API Get User Test Started...
200
[INFO ] 2023-11-29 14:48:58.883 [main] TravelTest - Travel API Get User Test Response status to be 200...
{
  "id" : 285122,
  "tourist_name" : "Carolyn",
  "tourist_email" : "myron.blick@example.com",
  "tourist_location" : "Tallinn",
  "createdat" : "2023-11-29T09:18:59.4400321"
}
[INFO ] 2023-11-29 14:48:58.883 [main] TravelTest - Travel API Get User Response Header Validation...
Cache-Control : no-cache
Pragma : no-cache
Content-Type : application/json; charset=utf-8
Expires : -1
Server : Microsoft-IIS/10.0
X-AspNet-Version : 4.0.30319
X-Powered-By : ASP.NET
Date : Wed, 29 Nov 2023 09:18:58 GMT
Connection : close
Content-Length : 151
[INFO ] 2023-11-29 14:48:58.883 [main] TravelTest - Travel API Get User Content type Assertion passed...
[INFO ] 2023-11-29 14:48:58.898 [main] TravelTest - Travel API Get User Tourist_name Assertion passed...
[INFO ] 2023-11-29 14:48:58.898 [main] TravelTest - Travel API Get User Tourist_email Assertion passed...
[INFO ] 2023-11-29 14:48:58.898 [main] TravelTest - Travel API Get User Tourist_location Assertion passed...
]]></system-out>
  </testcase>
</testsuite>