<?xml version="1.0" encoding="UTF-8"?>
<testng-results ignored="0" total="9" passed="9" failed="0" skipped="0">
  <reporter-output>
  </reporter-output>
  <suite started-at="2023-11-29T14:42:34 IST" name="Suite" finished-at="2023-11-29T14:43:01 IST" duration-ms="26759">
    <groups>
    </groups>
    <test started-at="2023-11-29T14:42:34 IST" name="Store_Test" finished-at="2023-11-29T14:43:01 IST" duration-ms="26759">
      <class name="com.QA.tests.Travel_API.TravelTest">
        <test-method is-config="true" signature="set_Up()[pri:0, instance:com.QA.tests.Travel_API.TravelTest@169e6180]" started-at="2023-11-29T14:42:36 IST" name="set_Up" finished-at="2023-11-29T14:42:37 IST" duration-ms="841" status="PASS">
          <reporter-output>
          </reporter-output>
        </test-method> <!-- set_Up -->
        <test-method signature="Create_User_Test()[pri:1, instance:com.QA.tests.Travel_API.TravelTest@169e6180]" started-at="2023-11-29T14:42:58 IST" name="Create_User_Test" finished-at="2023-11-29T14:42:59 IST" duration-ms="1136" status="PASS">
          <reporter-output>
          </reporter-output>
        </test-method> <!-- Create_User_Test -->
        <test-method signature="get_User_Test()[pri:2, instance:com.QA.tests.Travel_API.TravelTest@169e6180]" started-at="2023-11-29T14:42:59 IST" name="get_User_Test" finished-at="2023-11-29T14:43:00 IST" duration-ms="260" status="PASS">
          <reporter-output>
          </reporter-output>
        </test-method> <!-- get_User_Test -->
        <test-method is-config="true" signature="Tear_down()[pri:0, instance:com.QA.tests.Travel_API.TravelTest@169e6180]" started-at="2023-11-29T14:43:00 IST" name="Tear_down" finished-at="2023-11-29T14:43:01 IST" duration-ms="553" status="PASS">
          <reporter-output>
          </reporter-output>
        </test-method> <!-- Tear_down -->
      </class> <!-- com.QA.tests.Travel_API.TravelTest -->
      <class name="com.QA.tests.Store_API.Store_API_Test">
        <test-method is-config="true" signature="set_Up()[pri:0, instance:com.QA.tests.Store_API.Store_API_Test@3232a28a]" started-at="2023-11-29T14:42:35 IST" name="set_Up" finished-at="2023-11-29T14:42:36 IST" duration-ms="1603" status="PASS">
          <reporter-output>
          </reporter-output>
        </test-method> <!-- set_Up -->
        <test-method signature="Create_Order_Test()[pri:1, instance:com.QA.tests.Store_API.Store_API_Test@3232a28a]" started-at="2023-11-29T14:42:37 IST" name="Create_Order_Test" finished-at="2023-11-29T14:42:46 IST" duration-ms="9175" status="PASS">
          <reporter-output>
          </reporter-output>
        </test-method> <!-- Create_Order_Test -->
        <test-method signature="Get_Order_Test()[pri:2, instance:com.QA.tests.Store_API.Store_API_Test@3232a28a]" started-at="2023-11-29T14:42:46 IST" name="Get_Order_Test" finished-at="2023-11-29T14:42:48 IST" duration-ms="1788" status="PASS">
          <reporter-output>
          </reporter-output>
        </test-method> <!-- Get_Order_Test -->
        <test-method signature="Delete_Order_Test()[pri:3, instance:com.QA.tests.Store_API.Store_API_Test@3232a28a]" started-at="2023-11-29T14:42:48 IST" name="Delete_Order_Test" finished-at="2023-11-29T14:42:50 IST" duration-ms="1739" status="PASS">
          <reporter-output>
          </reporter-output>
        </test-method> <!-- Delete_Order_Test -->
        <test-method is-config="true" signature="tear_Down()[pri:0, instance:com.QA.tests.Store_API.Store_API_Test@3232a28a]" started-at="2023-11-29T14:43:00 IST" name="tear_Down" finished-at="2023-11-29T14:43:00 IST" duration-ms="582" status="PASS">
          <reporter-output>
          </reporter-output>
        </test-method> <!-- tear_Down -->
      </class> <!-- com.QA.tests.Store_API.Store_API_Test -->
      <class name="com.QA.tests.User_API.UserTest">
        <test-method is-config="true" signature="set_Up()[pri:0, instance:com.QA.tests.User_API.UserTest@2b91004a]" started-at="2023-11-29T14:42:50 IST" name="set_Up" finished-at="2023-11-29T14:42:50 IST" duration-ms="65" status="PASS">
          <reporter-output>
          </reporter-output>
        </test-method> <!-- set_Up -->
        <test-method signature="create_User_Test()[pri:1, instance:com.QA.tests.User_API.UserTest@2b91004a]" started-at="2023-11-29T14:42:50 IST" name="create_User_Test" finished-at="2023-11-29T14:42:52 IST" duration-ms="1937" status="PASS">
          <reporter-output>
          </reporter-output>
        </test-method> <!-- create_User_Test -->
        <test-method signature="get_User_Test()[pri:2, instance:com.QA.tests.User_API.UserTest@2b91004a]" started-at="2023-11-29T14:42:52 IST" name="get_User_Test" finished-at="2023-11-29T14:42:54 IST" duration-ms="2156" status="PASS">
          <reporter-output>
          </reporter-output>
        </test-method> <!-- get_User_Test -->
        <test-method signature="Update_User_Test()[pri:3, instance:com.QA.tests.User_API.UserTest@2b91004a]" started-at="2023-11-29T14:42:54 IST" name="Update_User_Test" finished-at="2023-11-29T14:42:56 IST" duration-ms="1749" status="PASS">
          <reporter-output>
          </reporter-output>
        </test-method> <!-- Update_User_Test -->
        <test-method signature="Delete_User_Test()[pri:4, instance:com.QA.tests.User_API.UserTest@2b91004a]" started-at="2023-11-29T14:42:56 IST" name="Delete_User_Test" finished-at="2023-11-29T14:42:58 IST" duration-ms="1808" status="PASS">
          <reporter-output>
          </reporter-output>
        </test-method> <!-- Delete_User_Test -->
        <test-method is-config="true" signature="tear_Down()[pri:0, instance:com.QA.tests.User_API.UserTest@2b91004a]" started-at="2023-11-29T14:42:58 IST" name="tear_Down" finished-at="2023-11-29T14:42:58 IST" duration-ms="553" status="PASS">
          <reporter-output>
          </reporter-output>
        </test-method> <!-- tear_Down -->
      </class> <!-- com.QA.tests.User_API.UserTest -->
    </test> <!-- Store_Test -->
  </suite> <!-- Suite -->
</testng-results>
